<?xml version='1.0'?>
<ns2:test-suite xmlns:ns2='urn:model.allure.qatools.yandex.ru' start='1498132003323' stop='1498132017941'>
    <name>General Magento Test</name>
    <title>General Magento Test</title>
    <test-cases>
        <test-case start='1498132003324' status='passed' stop='1498132004066'>
            <name>"before all" hook</name>
            <title>"before all" hook</title>
            <labels/>
            <parameters/>
            <steps>
                <step start='1498132003329' status='passed' stop='1498132004057'>
                    <name>POST /wd/hub/session/b606f23292eb474f84c67c429956874e/window/current/maximize</name>
                    <title>POST /wd/hub/session/b606f23292eb474f84c67c429956874e/window/current/maximize</title>
                    <attachments>
                        <attachment title='Response' source='49d77593-f921-4309-8057-e63cadeb0407-attachment.json' type='application/json' size='192'/>
                    </attachments>
                    <steps/>
                </step>
            </steps>
            <attachments/>
        </test-case>
        <test-case start='1498132004067' status='failed' stop='1498132017939'>
            <name>Correct Title! @watch</name>
            <title>Correct Title! @watch</title>
            <labels/>
            <parameters>
                <parameter kind='environment-variable' name='capabilities' value='{"browserName":"MicrosoftEdge","platform":"Windows 10","version":"14.14393","screenResolution":"1920x1200"}'/>
                <parameter kind='environment-variable' name='spec files' value='["c:\\webdriverIO\\wdio-web-sample\\test\\GWS.js"]'/>
            </parameters>
            <steps>
                <step start='1498132004074' status='passed' stop='1498132017067'>
                    <name>POST /wd/hub/session/b606f23292eb474f84c67c429956874e/url</name>
                    <title>POST /wd/hub/session/b606f23292eb474f84c67c429956874e/url</title>
                    <attachments>
                        <attachment title='Request' source='85ba6185-3069-46db-aa48-9917660f4f1d-attachment.json' type='application/json' size='48'/>
                        <attachment title='Response' source='1b076b03-c183-4534-b17a-30a598ed1fd4-attachment.json' type='application/json' size='192'/>
                    </attachments>
                    <steps/>
                </step>
                <step start='1498132017068' status='passed' stop='1498132017917'>
                    <name>GET /wd/hub/session/b606f23292eb474f84c67c429956874e/title</name>
                    <title>GET /wd/hub/session/b606f23292eb474f84c67c429956874e/title</title>
                    <attachments>
                        <attachment title='Response' source='16befd78-b98a-4bc3-a208-1ced30726776-attachment.json' type='application/json' size='302'/>
                    </attachments>
                    <steps/>
                </step>
            </steps>
            <attachments/>
            <failure>
                <message>'Grand Western Steaks Grand Western Steaks - The Steak of Steaks: Buy USDA Prime, Wagyu, Grass Fed, and Angus Beef' == 'Grand Western Steaks Grand Western Steaks - The Steak of Steaks: Buy USDA Prime, Wagyu, Grass Fed, and Angus Beef-test'</message>
                <stack-trace>AssertionError: 'Grand Western Steaks Grand Western Steaks - The Steak of Steaks: Buy USDA Prime, Wagyu, Grass Fed, and Angus Beef' == 'Grand Western Steaks Grand Western Steaks - The Steak of Steaks: Buy USDA Prime, Wagyu, Grass Fed, and Angus Beef-test'
                    at Context.&lt;anonymous> (c:\webdriverIO\wdio-web-sample\test\GWS.js:14:16)
                    at c:\webdriverIO\wdio-web-sample\node_modules\wdio-sync\build\index.js:584:26
                    at Promise.F (c:\webdriverIO\wdio-web-sample\node_modules\core-js\library\modules\_export.js:35:28)
                    at Context.executeSync (c:\webdriverIO\wdio-web-sample\node_modules\wdio-sync\build\index.js:582:12)
                    at c:\webdriverIO\wdio-web-sample\node_modules\wdio-sync\build\index.js:753:42</stack-trace>
            </failure>
        </test-case>
    </test-cases>
</ns2:test-suite>