<?xml version='1.0'?>
<ns2:test-suite xmlns:ns2='urn:model.allure.qatools.yandex.ru' start='1498131826464' stop='1498131832147'>
    <name>General Magento Test</name>
    <title>General Magento Test</title>
    <test-cases>
        <test-case start='1498131826465' status='passed' stop='1498131827155'>
            <name>"before all" hook</name>
            <title>"before all" hook</title>
            <labels/>
            <parameters/>
            <steps>
                <step start='1498131826466' status='passed' stop='1498131827150'>
                    <name>POST /wd/hub/session/3e626c7fbfa24614adbdc4fa47b12d5e/window/current/maximize</name>
                    <title>POST /wd/hub/session/3e626c7fbfa24614adbdc4fa47b12d5e/window/current/maximize</title>
                    <attachments>
                        <attachment title='Response' source='ab553278-d11a-433d-a7e3-ff303793c621-attachment.json' type='application/json' size='91'/>
                    </attachments>
                    <steps/>
                </step>
            </steps>
            <attachments/>
        </test-case>
        <test-case start='1498131827156' status='failed' stop='1498131832144'>
            <name>Correct Title! @watch</name>
            <title>Correct Title! @watch</title>
            <labels/>
            <parameters>
                <parameter kind='environment-variable' name='capabilities' value='{"browserName":"chrome"}'/>
                <parameter kind='environment-variable' name='spec files' value='["c:\\webdriverIO\\wdio-web-sample\\test\\GWS.js"]'/>
            </parameters>
            <steps>
                <step start='1498131827162' status='passed' stop='1498131831357'>
                    <name>POST /wd/hub/session/3e626c7fbfa24614adbdc4fa47b12d5e/url</name>
                    <title>POST /wd/hub/session/3e626c7fbfa24614adbdc4fa47b12d5e/url</title>
                    <attachments>
                        <attachment title='Request' source='396e3ffb-e35d-4cca-9377-0dac4578e12a-attachment.json' type='application/json' size='48'/>
                        <attachment title='Response' source='ad318bc4-21e3-4333-8fd4-94da22a646fc-attachment.json' type='application/json' size='91'/>
                    </attachments>
                    <steps/>
                </step>
                <step start='1498131831363' status='passed' stop='1498131832128'>
                    <name>GET /wd/hub/session/3e626c7fbfa24614adbdc4fa47b12d5e/title</name>
                    <title>GET /wd/hub/session/3e626c7fbfa24614adbdc4fa47b12d5e/title</title>
                    <attachments>
                        <attachment title='Response' source='e56b20bc-0c0f-47ab-bb55-ac12a04c0265-attachment.json' type='application/json' size='202'/>
                    </attachments>
                    <steps/>
                </step>
            </steps>
            <attachments/>
            <failure>
                <message>'Grand Western Steaks Grand Western Steaks - The Steak of Steaks: Buy USDA Prime, Wagyu, Grass Fed, and Angus Beef' == 'Grand Western Steaks Grand Western Steaks - The Steak of Steaks: Buy USDA Prime, Wagyu, Grass Fed, and Angus Beef-test'</message>
                <stack-trace>AssertionError: 'Grand Western Steaks Grand Western Steaks - The Steak of Steaks: Buy USDA Prime, Wagyu, Grass Fed, and Angus Beef' == 'Grand Western Steaks Grand Western Steaks - The Steak of Steaks: Buy USDA Prime, Wagyu, Grass Fed, and Angus Beef-test'
                    at Context.&lt;anonymous> (c:\webdriverIO\wdio-web-sample\test\GWS.js:14:16)
                    at c:\webdriverIO\wdio-web-sample\node_modules\wdio-sync\build\index.js:584:26
                    at Promise.F (c:\webdriverIO\wdio-web-sample\node_modules\core-js\library\modules\_export.js:35:28)
                    at Context.executeSync (c:\webdriverIO\wdio-web-sample\node_modules\wdio-sync\build\index.js:582:12)
                    at c:\webdriverIO\wdio-web-sample\node_modules\wdio-sync\build\index.js:753:42</stack-trace>
            </failure>
        </test-case>
    </test-cases>
</ns2:test-suite>