<?xml version='1.0'?>
<ns2:test-suite xmlns:ns2='urn:model.allure.qatools.yandex.ru' start='1498131842468' stop='1498131849587'>
    <name>General Magento Test</name>
    <title>General Magento Test</title>
    <test-cases>
        <test-case start='1498131842469' status='passed' stop='1498131843168'>
            <name>"before all" hook</name>
            <title>"before all" hook</title>
            <labels/>
            <parameters/>
            <steps>
                <step start='1498131842474' status='passed' stop='1498131843157'>
                    <name>POST /wd/hub/session/8eaed5fd1e9948318b0644ebab12e78c/window/current/maximize</name>
                    <title>POST /wd/hub/session/8eaed5fd1e9948318b0644ebab12e78c/window/current/maximize</title>
                    <attachments>
                        <attachment title='Response' source='7a910e87-fc84-4e6c-819c-ee101044df97-attachment.json' type='application/json' size='190'/>
                    </attachments>
                    <steps/>
                </step>
            </steps>
            <attachments/>
        </test-case>
        <test-case start='1498131843169' status='failed' stop='1498131849583'>
            <name>Correct Title! @watch</name>
            <title>Correct Title! @watch</title>
            <labels/>
            <parameters>
                <parameter kind='environment-variable' name='capabilities' value='{"browserName":"firefox"}'/>
                <parameter kind='environment-variable' name='spec files' value='["c:\\webdriverIO\\wdio-web-sample\\test\\GWS.js"]'/>
            </parameters>
            <steps>
                <step start='1498131843175' status='passed' stop='1498131848541'>
                    <name>POST /wd/hub/session/8eaed5fd1e9948318b0644ebab12e78c/url</name>
                    <title>POST /wd/hub/session/8eaed5fd1e9948318b0644ebab12e78c/url</title>
                    <attachments>
                        <attachment title='Request' source='65413f5e-57ce-4e54-bd58-0db0ea8a60d6-attachment.json' type='application/json' size='48'/>
                        <attachment title='Response' source='2feaabad-3531-4927-b51b-de4a89eef6a0-attachment.json' type='application/json' size='189'/>
                    </attachments>
                    <steps/>
                </step>
                <step start='1498131848541' status='passed' stop='1498131849568'>
                    <name>GET /wd/hub/session/8eaed5fd1e9948318b0644ebab12e78c/title</name>
                    <title>GET /wd/hub/session/8eaed5fd1e9948318b0644ebab12e78c/title</title>
                    <attachments>
                        <attachment title='Response' source='640b7416-aa04-423c-b046-1661daec5c15-attachment.json' type='application/json' size='301'/>
                    </attachments>
                    <steps/>
                </step>
            </steps>
            <attachments/>
            <failure>
                <message>'Grand Western Steaks Grand Western Steaks - The Steak of Steaks: Buy USDA Prime, Wagyu, Grass Fed, and Angus Beef' == 'Grand Western Steaks Grand Western Steaks - The Steak of Steaks: Buy USDA Prime, Wagyu, Grass Fed, and Angus Beef-test'</message>
                <stack-trace>AssertionError: 'Grand Western Steaks Grand Western Steaks - The Steak of Steaks: Buy USDA Prime, Wagyu, Grass Fed, and Angus Beef' == 'Grand Western Steaks Grand Western Steaks - The Steak of Steaks: Buy USDA Prime, Wagyu, Grass Fed, and Angus Beef-test'
                    at Context.&lt;anonymous> (c:\webdriverIO\wdio-web-sample\test\GWS.js:14:16)
                    at c:\webdriverIO\wdio-web-sample\node_modules\wdio-sync\build\index.js:584:26
                    at Promise.F (c:\webdriverIO\wdio-web-sample\node_modules\core-js\library\modules\_export.js:35:28)
                    at Context.executeSync (c:\webdriverIO\wdio-web-sample\node_modules\wdio-sync\build\index.js:582:12)
                    at c:\webdriverIO\wdio-web-sample\node_modules\wdio-sync\build\index.js:753:42</stack-trace>
            </failure>
        </test-case>
    </test-cases>
</ns2:test-suite>